<?xml version="1.0" encoding="UTF-8"?>
<!-- Generated by org.testng.reporters.JUnitReportReporter -->
<testsuite hostname="DESKTOP-LTVDPAB" failures="0" tests="1" name="Selenium.CalenderUITest" time="3.990" errors="0" timestamp="2024-07-22T20:19:32 IST" skipped="0">
  <testcase classname="Selenium.CalenderUITest" name="calender" time="3.990"/>
</testsuite> <!-- Selenium.CalenderUITest -->
